This is pdfTeX, Version 3.1415926-2.5-1.40.14 (TeX Live 2013/MacPorts 2013_5) (format=pdflatex 2014.1.10)  30 MAR 2015 10:15
entering extended mode
 restricted \write18 enabled.
 %&-line parsing enabled.
**notex
(./notex.tex
LaTeX2e <2011/06/27>
Babel <3.9f> and hyphenation patterns for 44 languages loaded.
(./atlasnote.cls
Document Class: atlasnote 2009/07/30 version 3.0 ATLAS Notes
\AN@skipbeforetitle=\dimen102
(/opt/local/share/texmf-texlive/tex/latex/base/article.cls
Document Class: article 2007/10/19 v1.4h Standard LaTeX document class
(/opt/local/share/texmf-texlive/tex/latex/base/size11.clo
File: size11.clo 2007/10/19 v1.4h Standard LaTeX file (size option)
)
\c@part=\count79
\c@section=\count80
\c@subsection=\count81
\c@subsubsection=\count82
\c@paragraph=\count83
\c@subparagraph=\count84
\c@figure=\count85
\c@table=\count86
\abovecaptionskip=\skip41
\belowcaptionskip=\skip42
\bibindent=\dimen103
)
(/opt/local/share/texmf-texlive/tex/latex/geometry/geometry.sty
Package: geometry 2010/09/12 v5.6 Page Geometry

(/opt/local/share/texmf-texlive/tex/latex/graphics/keyval.sty
Package: keyval 1999/03/16 v1.13 key=value parser (DPC)
\KV@toks@=\toks14
)
(/opt/local/share/texmf-texlive/tex/generic/oberdiek/ifpdf.sty
Package: ifpdf 2011/01/30 v2.3 Provides the ifpdf switch (HO)
Package ifpdf Info: pdfTeX in PDF mode is detected.
)
(/opt/local/share/texmf-texlive/tex/generic/oberdiek/ifvtex.sty
Package: ifvtex 2010/03/01 v1.5 Detect VTeX and its facilities (HO)
Package ifvtex Info: VTeX not detected.
)
(/opt/local/share/texmf-texlive/tex/generic/ifxetex/ifxetex.sty
Package: ifxetex 2010/09/12 v0.6 Provides ifxetex conditional
)
\Gm@cnth=\count87
\Gm@cntv=\count88
\c@Gm@tempcnt=\count89
\Gm@bindingoffset=\dimen104
\Gm@wd@mp=\dimen105
\Gm@odd@mp=\dimen106
\Gm@even@mp=\dimen107
\Gm@layoutwidth=\dimen108
\Gm@layoutheight=\dimen109
\Gm@layouthoffset=\dimen110
\Gm@layoutvoffset=\dimen111
\Gm@dimlist=\toks15
)
(/opt/local/share/texmf-texlive/tex/latex/graphics/color.sty
Package: color 2005/11/14 v1.0j Standard LaTeX Color (DPC)

(/opt/local/share/texmf-texlive/tex/latex/latexconfig/color.cfg
File: color.cfg 2007/01/18 v1.5 color configuration of teTeX/TeXLive
)
Package color Info: Driver file: pdftex.def on input line 130.

(/opt/local/share/texmf-texlive/tex/latex/pdftex-def/pdftex.def
File: pdftex.def 2011/05/27 v0.06d Graphics/color for pdfTeX

(/opt/local/share/texmf-texlive/tex/generic/oberdiek/infwarerr.sty
Package: infwarerr 2010/04/08 v1.3 Providing info/warning/error messages (HO)
)
(/opt/local/share/texmf-texlive/tex/generic/oberdiek/ltxcmds.sty
Package: ltxcmds 2011/11/09 v1.22 LaTeX kernel commands for general use (HO)
)
\Gread@gobject=\count90
))
(/opt/local/share/texmf-texlive/tex/latex/graphics/graphicx.sty
Package: graphicx 1999/02/16 v1.0f Enhanced LaTeX Graphics (DPC,SPQR)

(/opt/local/share/texmf-texlive/tex/latex/graphics/graphics.sty
Package: graphics 2009/02/05 v1.0o Standard LaTeX Graphics (DPC,SPQR)

(/opt/local/share/texmf-texlive/tex/latex/graphics/trig.sty
Package: trig 1999/03/16 v1.09 sin cos tan (DPC)
)
(/opt/local/share/texmf-texlive/tex/latex/latexconfig/graphics.cfg
File: graphics.cfg 2010/04/23 v1.9 graphics configuration of TeX Live
)
Package graphics Info: Driver file: pdftex.def on input line 91.
)
\Gin@req@height=\dimen112
\Gin@req@width=\dimen113
)
(/opt/local/share/texmf-texlive/tex/latex/amsmath/amsmath.sty
Package: amsmath 2013/01/14 v2.14 AMS math features
\@mathmargin=\skip43

For additional information on amsmath, use the `?' option.
(/opt/local/share/texmf-texlive/tex/latex/amsmath/amstext.sty
Package: amstext 2000/06/29 v2.01

(/opt/local/share/texmf-texlive/tex/latex/amsmath/amsgen.sty
File: amsgen.sty 1999/11/30 v2.0
\@emptytoks=\toks16
\ex@=\dimen114
))
(/opt/local/share/texmf-texlive/tex/latex/amsmath/amsbsy.sty
Package: amsbsy 1999/11/29 v1.2d
\pmbraise@=\dimen115
)
(/opt/local/share/texmf-texlive/tex/latex/amsmath/amsopn.sty
Package: amsopn 1999/12/14 v2.01 operator names
)
\inf@bad=\count91
LaTeX Info: Redefining \frac on input line 210.
\uproot@=\count92
\leftroot@=\count93
LaTeX Info: Redefining \overline on input line 306.
\classnum@=\count94
\DOTSCASE@=\count95
LaTeX Info: Redefining \ldots on input line 378.
LaTeX Info: Redefining \dots on input line 381.
LaTeX Info: Redefining \cdots on input line 466.
\Mathstrutbox@=\box26
\strutbox@=\box27
\big@size=\dimen116
LaTeX Font Info:    Redeclaring font encoding OML on input line 566.
LaTeX Font Info:    Redeclaring font encoding OMS on input line 567.
\macc@depth=\count96
\c@MaxMatrixCols=\count97
\dotsspace@=\muskip10
\c@parentequation=\count98
\dspbrk@lvl=\count99
\tag@help=\toks17
\row@=\count100
\column@=\count101
\maxfields@=\count102
\andhelp@=\toks18
\eqnshift@=\dimen117
\alignsep@=\dimen118
\tagshift@=\dimen119
\tagwidth@=\dimen120
\totwidth@=\dimen121
\lineht@=\dimen122
\@envbody=\toks19
\multlinegap=\skip44
\multlinetaggap=\skip45
\mathdisplay@stack=\toks20
LaTeX Info: Redefining \[ on input line 2665.
LaTeX Info: Redefining \] on input line 2666.
)
(/opt/local/share/texmf-texlive/tex/latex/txfonts/txfonts.sty
Package: txfonts 2008/01/22 v3.2.1
LaTeX Font Info:    Redeclaring symbol font `operators' on input line 21.
LaTeX Font Info:    Overwriting symbol font `operators' in version `normal'
(Font)                  OT1/cmr/m/n --> OT1/txr/m/n on input line 21.
LaTeX Font Info:    Overwriting symbol font `operators' in version `bold'
(Font)                  OT1/cmr/bx/n --> OT1/txr/m/n on input line 21.
LaTeX Font Info:    Overwriting symbol font `operators' in version `bold'
(Font)                  OT1/txr/m/n --> OT1/txr/bx/n on input line 22.
\symitalic=\mathgroup4
LaTeX Font Info:    Overwriting symbol font `italic' in version `bold'
(Font)                  OT1/txr/m/it --> OT1/txr/bx/it on input line 26.
LaTeX Font Info:    Redeclaring math alphabet \mathbf on input line 29.
LaTeX Font Info:    Overwriting math alphabet `\mathbf' in version `normal'
(Font)                  OT1/cmr/bx/n --> OT1/txr/bx/n on input line 29.
LaTeX Font Info:    Overwriting math alphabet `\mathbf' in version `bold'
(Font)                  OT1/cmr/bx/n --> OT1/txr/bx/n on input line 29.
LaTeX Font Info:    Redeclaring math alphabet \mathit on input line 30.
LaTeX Font Info:    Overwriting math alphabet `\mathit' in version `normal'
(Font)                  OT1/cmr/m/it --> OT1/txr/m/it on input line 30.
LaTeX Font Info:    Overwriting math alphabet `\mathit' in version `bold'
(Font)                  OT1/cmr/bx/it --> OT1/txr/m/it on input line 30.
LaTeX Font Info:    Overwriting math alphabet `\mathit' in version `bold'
(Font)                  OT1/txr/m/it --> OT1/txr/bx/it on input line 31.
LaTeX Font Info:    Redeclaring math alphabet \mathsf on input line 40.
LaTeX Font Info:    Overwriting math alphabet `\mathsf' in version `normal'
(Font)                  OT1/cmss/m/n --> OT1/txss/m/n on input line 40.
LaTeX Font Info:    Overwriting math alphabet `\mathsf' in version `bold'
(Font)                  OT1/cmss/bx/n --> OT1/txss/m/n on input line 40.
LaTeX Font Info:    Overwriting math alphabet `\mathsf' in version `bold'
(Font)                  OT1/txss/m/n --> OT1/txss/b/n on input line 41.
LaTeX Font Info:    Redeclaring math alphabet \mathtt on input line 50.
LaTeX Font Info:    Overwriting math alphabet `\mathtt' in version `normal'
(Font)                  OT1/cmtt/m/n --> OT1/txtt/m/n on input line 50.
LaTeX Font Info:    Overwriting math alphabet `\mathtt' in version `bold'
(Font)                  OT1/cmtt/m/n --> OT1/txtt/m/n on input line 50.
LaTeX Font Info:    Overwriting math alphabet `\mathtt' in version `bold'
(Font)                  OT1/txtt/m/n --> OT1/txtt/b/n on input line 51.
LaTeX Font Info:    Redeclaring symbol font `letters' on input line 58.
LaTeX Font Info:    Overwriting symbol font `letters' in version `normal'
(Font)                  OML/cmm/m/it --> OML/txmi/m/it on input line 58.
LaTeX Font Info:    Overwriting symbol font `letters' in version `bold'
(Font)                  OML/cmm/b/it --> OML/txmi/m/it on input line 58.
LaTeX Font Info:    Overwriting symbol font `letters' in version `bold'
(Font)                  OML/txmi/m/it --> OML/txmi/bx/it on input line 59.
\symlettersA=\mathgroup5
LaTeX Font Info:    Overwriting symbol font `lettersA' in version `bold'
(Font)                  U/txmia/m/it --> U/txmia/bx/it on input line 67.
LaTeX Font Info:    Redeclaring symbol font `symbols' on input line 77.
LaTeX Font Info:    Overwriting symbol font `symbols' in version `normal'
(Font)                  OMS/cmsy/m/n --> OMS/txsy/m/n on input line 77.
LaTeX Font Info:    Overwriting symbol font `symbols' in version `bold'
(Font)                  OMS/cmsy/b/n --> OMS/txsy/m/n on input line 77.
LaTeX Font Info:    Overwriting symbol font `symbols' in version `bold'
(Font)                  OMS/txsy/m/n --> OMS/txsy/bx/n on input line 78.
\symAMSa=\mathgroup6
LaTeX Font Info:    Overwriting symbol font `AMSa' in version `bold'
(Font)                  U/txsya/m/n --> U/txsya/bx/n on input line 94.
\symAMSb=\mathgroup7
LaTeX Font Info:    Overwriting symbol font `AMSb' in version `bold'
(Font)                  U/txsyb/m/n --> U/txsyb/bx/n on input line 103.
\symsymbolsC=\mathgroup8
LaTeX Font Info:    Overwriting symbol font `symbolsC' in version `bold'
(Font)                  U/txsyc/m/n --> U/txsyc/bx/n on input line 113.
LaTeX Font Info:    Redeclaring symbol font `largesymbols' on input line 120.
LaTeX Font Info:    Overwriting symbol font `largesymbols' in version `normal'
(Font)                  OMX/cmex/m/n --> OMX/txex/m/n on input line 120.
LaTeX Font Info:    Overwriting symbol font `largesymbols' in version `bold'
(Font)                  OMX/cmex/m/n --> OMX/txex/m/n on input line 120.
LaTeX Font Info:    Overwriting symbol font `largesymbols' in version `bold'
(Font)                  OMX/txex/m/n --> OMX/txex/bx/n on input line 121.
\symlargesymbolsA=\mathgroup9
LaTeX Font Info:    Overwriting symbol font `largesymbolsA' in version `bold'
(Font)                  U/txexa/m/n --> U/txexa/bx/n on input line 129.
LaTeX Info: Redefining \not on input line 1043.
)
(/opt/local/share/texmf-texlive/tex/latex/footmisc/footmisc.sty
Package: footmisc 2011/06/06 v5.5b a miscellany of footnote facilities
\FN@temptoken=\toks21
\footnotemargin=\dimen123
\c@pp@next@reset=\count103
Package footmisc Info: Declaring symbol style bringhurst on input line 855.
Package footmisc Info: Declaring symbol style chicago on input line 863.
Package footmisc Info: Declaring symbol style wiley on input line 872.
Package footmisc Info: Declaring symbol style lamport-robust on input line 883.

Package footmisc Info: Declaring symbol style lamport* on input line 903.
Package footmisc Info: Declaring symbol style lamport*-robust on input line 924
.
) (./lineno.sty
Package: lineno 2005/11/02 line numbers on paragraphs v4.41
\linenopenalty=\count104
\output=\toks22
\linenoprevgraf=\count105
\linenumbersep=\dimen124
\linenumberwidth=\dimen125
\c@linenumber=\count106
\c@pagewiselinenumber=\count107
\c@LN@truepage=\count108
\c@internallinenumber=\count109
\c@internallinenumbers=\count110
\quotelinenumbersep=\dimen126
\bframerule=\dimen127
\bframesep=\dimen128
\bframebox=\box28
LaTeX Info: Redefining \\ on input line 3056.
)
\capindent=\skip46
\capwidth=\skip47
\figwidth=\skip48
) (./atlasphysics.sty
\hrs=\count111
\minu=\count112
\temptime=\count113
\boxsqbox=\box29
\boxsize=\dimen129
\dkwidth=\dimen130
)
(/opt/local/share/texmf-texlive/tex/latex/subfigure/subfigure.sty
Package: subfigure 2002/03/15 v2.1.5 subfigure package
\subfigtopskip=\skip49
\subfigcapskip=\skip50
\subfigcaptopadj=\dimen131
\subfigbottomskip=\skip51
\subfigcapmargin=\dimen132
\subfiglabelskip=\skip52
\c@subfigure=\count114
\c@lofdepth=\count115
\c@subtable=\count116
\c@lotdepth=\count117

****************************************
* Local config file subfigure.cfg used *
****************************************
(/opt/local/share/texmf-texlive/tex/latex/subfigure/subfigure.cfg)
\subfig@top=\skip53
\subfig@bottom=\skip54
)
(/opt/local/share/texmf-texlive/tex/latex/float/float.sty
Package: float 2001/11/08 v1.3d Float enhancements (AL)
\c@float@type=\count118
\float@exts=\toks23
\float@box=\box30
\@float@everytoks=\toks24
\@floatcapt=\box31
)
(/opt/local/share/texmf-texlive/tex/latex/jknapltx/mathrsfs.sty
Package: mathrsfs 1996/01/01 Math RSFS package v1.0 (jk)
\symrsfs=\mathgroup10
)
(/opt/local/share/texmf-texlive/tex/latex/rotating/rotating.sty
Package: rotating 2009/03/28 v2.16a rotated objects in LaTeX

(/opt/local/share/texmf-texlive/tex/latex/base/ifthen.sty
Package: ifthen 2001/05/26 v1.1c Standard LaTeX ifthen package (DPC)
)
\c@r@tfl@t=\count119
\rotFPtop=\skip55
\rotFPbot=\skip56
\rot@float@box=\box32
\rot@mess@toks=\toks25
)
(/opt/local/share/texmf-texlive/tex/latex/multirow/multirow.sty
\bigstrutjot=\dimen133
)
(/opt/local/share/texmf-texlive/tex/latex/siunitx/siunitx.sty
(/opt/local/share/texmf-texlive/tex/latex/l3kernel/expl3.sty
(/opt/local/share/texmf-texlive/tex/latex/l3kernel/l3names.sty
(/opt/local/share/texmf-texlive/tex/latex/l3kernel/l3bootstrap.sty
Package: l3bootstrap 2013/01/08 v4420 L3 Experimental bootstrap code
)
Package: l3names 2012/12/07 v4346 L3 Namespace for primitives
)
(/opt/local/share/texmf-texlive/tex/latex/etex-pkg/etex.sty
Package: etex 1998/03/26 v2.0 eTeX basic definition package (PEB)
\et@xins=\count120
)
Package: expl3 2013/03/14 v4469 L3 Experimental code bundle wrapper

(/opt/local/share/texmf-texlive/tex/latex/l3kernel/l3basics.sty
Package: l3basics 2013/01/10 v4428 L3 Basic definitions
)
(/opt/local/share/texmf-texlive/tex/latex/l3kernel/l3expan.sty
Package: l3expan 2013/02/03 v4458 L3 Argument expansion
)
(/opt/local/share/texmf-texlive/tex/latex/l3kernel/l3tl.sty
Package: l3tl 2013/01/08 v4415 L3 Token lists
)
(/opt/local/share/texmf-texlive/tex/latex/l3kernel/l3seq.sty
Package: l3seq 2013/01/12 v4434 L3 Sequences and stacks
)
(/opt/local/share/texmf-texlive/tex/latex/l3kernel/l3int.sty
Package: l3int 2013/01/13 v4444 L3 Integers
\c_max_int=\count121
\l_tmpa_int=\count122
\l_tmpb_int=\count123
\g_tmpa_int=\count124
\g_tmpb_int=\count125
)
(/opt/local/share/texmf-texlive/tex/latex/l3kernel/l3quark.sty
Package: l3quark 2012/11/04 v4268 L3 Quarks
)
(/opt/local/share/texmf-texlive/tex/latex/l3kernel/l3prg.sty
Package: l3prg 2013/02/13 v4459 L3 Control structures
\g__prg_map_int=\count126
)
(/opt/local/share/texmf-texlive/tex/latex/l3kernel/l3clist.sty
Package: l3clist 2013/01/08 v4414 L3 Comma separated lists
)
(/opt/local/share/texmf-texlive/tex/latex/l3kernel/l3token.sty
Package: l3token 2013/01/10 v4428 L3 Experimental token manipulation
)
(/opt/local/share/texmf-texlive/tex/latex/l3kernel/l3prop.sty
Package: l3prop 2013/01/09 v4423 L3 Property lists
)
(/opt/local/share/texmf-texlive/tex/latex/l3kernel/l3msg.sty
Package: l3msg 2013/01/08 v4412 L3 Messages
)
(/opt/local/share/texmf-texlive/tex/latex/l3kernel/l3file.sty
Package: l3file 2013/01/14 v4446 L3 File and I/O operations
\l_iow_line_count_int=\count127
\l__iow_target_count_int=\count128
\l__iow_current_line_int=\count129
\l__iow_current_word_int=\count130
\l__iow_current_indentation_int=\count131
)
(/opt/local/share/texmf-texlive/tex/latex/l3kernel/l3skip.sty
Package: l3skip 2013/01/13 v4444 L3 Dimensions and skips
\c_zero_dim=\dimen134
\c_max_dim=\dimen135
\l_tmpa_dim=\dimen136
\l_tmpb_dim=\dimen137
\g_tmpa_dim=\dimen138
\g_tmpb_dim=\dimen139
\c_zero_skip=\skip57
\c_max_skip=\skip58
\l_tmpa_skip=\skip59
\l_tmpb_skip=\skip60
\g_tmpa_skip=\skip61
\g_tmpb_skip=\skip62
\c_zero_muskip=\muskip11
\c_max_muskip=\muskip12
\l_tmpa_muskip=\muskip13
\l_tmpb_muskip=\muskip14
\g_tmpa_muskip=\muskip15
\g_tmpb_muskip=\muskip16
)
(/opt/local/share/texmf-texlive/tex/latex/l3kernel/l3keys.sty
Package: l3keys 2013/02/24 v4461 L3 Experimental key-value interfaces
\g__keyval_level_int=\count132
\l_keys_choice_int=\count133
)
(/opt/local/share/texmf-texlive/tex/latex/l3kernel/l3fp.sty
Package: l3fp 2013/01/19 v4449 L3 Floating points
\c__fp_leading_shift_int=\count134
\c__fp_middle_shift_int=\count135
\c__fp_trailing_shift_int=\count136
\c__fp_big_leading_shift_int=\count137
\c__fp_big_middle_shift_int=\count138
\c__fp_big_trailing_shift_int=\count139
\c__fp_Bigg_leading_shift_int=\count140
\c__fp_Bigg_middle_shift_int=\count141
\c__fp_Bigg_trailing_shift_int=\count142
)
(/opt/local/share/texmf-texlive/tex/latex/l3kernel/l3box.sty
Package: l3box 2013/01/08 v4411 L3 Experimental boxes
\c_empty_box=\box33
\l_tmpa_box=\box34
\l_tmpb_box=\box35
\g_tmpa_box=\box36
\g_tmpb_box=\box37
)
(/opt/local/share/texmf-texlive/tex/latex/l3kernel/l3coffins.sty
Package: l3coffins 2012/09/09 v4212 L3 Coffin code layer
\l__coffin_internal_box=\box38
\l__coffin_internal_dim=\dimen140
\l__coffin_offset_x_dim=\dimen141
\l__coffin_offset_y_dim=\dimen142
\l__coffin_x_dim=\dimen143
\l__coffin_y_dim=\dimen144
\l__coffin_x_prime_dim=\dimen145
\l__coffin_y_prime_dim=\dimen146
\c_empty_coffin=\box39
\l__coffin_aligned_coffin=\box40
\l__coffin_aligned_internal_coffin=\box41
\l_tmpa_coffin=\box42
\l_tmpb_coffin=\box43
\l__coffin_display_coffin=\box44
\l__coffin_display_coord_coffin=\box45
\l__coffin_display_pole_coffin=\box46
\l__coffin_display_offset_dim=\dimen147
\l__coffin_display_x_dim=\dimen148
\l__coffin_display_y_dim=\dimen149
)
(/opt/local/share/texmf-texlive/tex/latex/l3kernel/l3color.sty
Package: l3color 2012/08/29 v4156 L3 Experimental color support
)
(/opt/local/share/texmf-texlive/tex/latex/l3kernel/l3luatex.sty
Package: l3luatex 2012/08/03 v4049 L3 Experimental LuaTeX-specific functions
\g__cctab_allocate_int=\count143
\g__cctab_stack_int=\count144
)
(/opt/local/share/texmf-texlive/tex/latex/l3kernel/l3candidates.sty
Package: l3candidates 2013/03/14 v4468 L3 Experimental additions to l3kernel
\l__box_top_dim=\dimen150
\l__box_bottom_dim=\dimen151
\l__box_left_dim=\dimen152
\l__box_right_dim=\dimen153
\l__box_top_new_dim=\dimen154
\l__box_bottom_new_dim=\dimen155
\l__box_left_new_dim=\dimen156
\l__box_right_new_dim=\dimen157
\l__box_internal_box=\box47
\l__coffin_bounding_shift_dim=\dimen158
\l__coffin_left_corner_dim=\dimen159
\l__coffin_right_corner_dim=\dimen160
\l__coffin_bottom_corner_dim=\dimen161
\l__coffin_top_corner_dim=\dimen162
\l__coffin_scaled_total_height_dim=\dimen163
\l__coffin_scaled_width_dim=\dimen164
))
(/opt/local/share/texmf-texlive/tex/latex/l3packages/xparse/xparse.sty
Package: xparse 2013/03/12 v4467 L3 Experimental document command parser
\l__xparse_current_arg_int=\count145
\l__xparse_m_args_int=\count146
\l__xparse_mandatory_args_int=\count147
\l__xparse_processor_int=\count148
\l__xparse_v_nesting_int=\count149
)
Package: siunitx 2013/03/11 v2.5q A comprehensive (SI) units package

(/opt/local/share/texmf-texlive/tex/latex/tools/array.sty
Package: array 2008/09/09 v2.4c Tabular extension package (FMi)
\col@sep=\dimen165
\extrarowheight=\dimen166
\NC@list=\toks26
\extratabsurround=\skip63
\backup@length=\skip64
)
(/opt/local/share/texmf-texlive/tex/latex/l3packages/l3keys2e/l3keys2e.sty
Package: l3keys2e 2013/03/12 v4467 LaTeX2e option processing using LaTeX3 keys
)
Variant \tl_if_blank:VTF already defined; not changing it on line 50
\l__siunitx_tmp_box=\box48
\l__siunitx_tmp_dim=\dimen167
\l__siunitx_tmp_int=\count150
Variant \prop_get:NVNT already defined; not changing it on line 371
Variant \prop_get:NVNF already defined; not changing it on line 372
Variant \prop_get:NVNTF already defined; not changing it on line 373
\l__siunitx_number_mantissa_length_int=\count151
\l__siunitx_number_uncert_length_int=\count152
\l__siunitx_round_int=\count153
\l__siunitx_process_decimal_int=\count154
\l__siunitx_process_uncertainty_int=\count155
\l__siunitx_process_fixed_int=\count156
\l__siunitx_process_integer_min_int=\count157
\l__siunitx_process_precision_int=\count158
\l__siunitx_group_min_int=\count159
\l__siunitx_angle_marker_box=\box49
\l__siunitx_angle_unit_box=\box50
\l__siunitx_angle_marker_dim=\dimen168
\l__siunitx_angle_unit_dim=\dimen169
\l__siunitx_unit_int=\count160
\l__siunitx_unit_denominator_int=\count161
\l__siunitx_unit_numerator_int=\count162
\l__siunitx_unit_prefix_int=\count163
\l__siunitx_unit_prefix_base_int=\count164
\l__siunitx_unit_prefix_gram_int=\count165
\l__siunitx_number_product_int=\count166
\c__siunitx_one_fill_skip=\skip65
\l__siunitx_table_unit_align_skip=\skip66
\l__siunitx_table_exponent_dim=\dimen170
\l__siunitx_table_integer_dim=\dimen171
\l__siunitx_table_mantissa_dim=\dimen172
\l__siunitx_table_marker_dim=\dimen173
\l__siunitx_table_result_dim=\dimen174
\l__siunitx_table_uncert_dim=\dimen175
\l__siunitx_table_fill_pre_dim=\dimen176
\l__siunitx_table_fill_post_dim=\dimen177
\l__siunitx_table_fill_mid_dim=\dimen178
\l__siunitx_table_pre_box=\box51
\l__siunitx_table_post_box=\box52
\l__siunitx_table_mantissa_box=\box53
\l__siunitx_table_result_box=\box54
\l__siunitx_table_number_align_skip=\skip67
\l__siunitx_table_text_align_skip=\skip68
.................................................
. LaTeX info: "xparse/define-command"
. 
. Defining document command \DeclareBinaryPrefix with arg. spec. 'mmm' on line
. 7101.
.................................................
.................................................
. LaTeX info: "xparse/define-command"
. 
. Defining document command \DeclareSIPostPower with arg. spec. 'mm' on line
. 7104.
.................................................
.................................................
. LaTeX info: "xparse/define-command"
. 
. Defining document command \DeclareSIPrefix with arg. spec. 'mmm' on line
. 7107.
.................................................
.................................................
. LaTeX info: "xparse/define-command"
. 
. Defining document command \DeclareSIPrePower with arg. spec. 'mm' on line
. 7110.
.................................................
.................................................
. LaTeX info: "xparse/define-command"
. 
. Defining document command \DeclareSIQualifier with arg. spec. 'mm' on line
. 7113.
.................................................
.................................................
. LaTeX info: "xparse/define-command"
. 
. Defining document command \DeclareSIUnit with arg. spec. 'O{}mm' on line
. 7116.
.................................................
.................................................
. LaTeX info: "xparse/define-command"
. 
. Defining document command \DeclareSIUnitWithOptions with arg. spec. 'mmm' on
. line 7119.
.................................................
.................................................
. LaTeX info: "xparse/define-command"
. 
. Defining document command \ang with arg. spec. 'o>{\SplitArgument {2}{;}}m'
. on line 7134.
.................................................
.................................................
. LaTeX info: "xparse/define-command"
. 
. Defining document command \num with arg. spec. 'om' on line 7142.
.................................................
.................................................
. LaTeX info: "xparse/define-command"
. 
. Defining document command \numlist with arg. spec. 'o>{\SplitList {;}}m' on
. line 7150.
.................................................
.................................................
. LaTeX info: "xparse/define-command"
. 
. Defining document command \numrange with arg. spec. 'omm' on line 7158.
.................................................
.................................................
. LaTeX info: "xparse/define-command"
. 
. Defining document command \SIlist with arg. spec. 'o>{\SplitList {;}}mm' on
. line 7169.
.................................................
.................................................
. LaTeX info: "xparse/define-command"
. 
. Defining document command \SIrange with arg. spec. 'ommm' on line 7180.
.................................................
.................................................
. LaTeX info: "xparse/define-command"
. 
. Defining document command \SI with arg. spec. 'omom' on line 7191.
.................................................
.................................................
. LaTeX info: "xparse/define-command"
. 
. Defining document command \sisetup with arg. spec. 'm' on line 7194.
.................................................
.................................................
. LaTeX info: "xparse/define-command"
. 
. Defining document command \tablenum with arg. spec. 'om' on line 7206.
.................................................
.................................................
. LaTeX info: "xparse/define-command"
. 
. Defining document command \si with arg. spec. 'om' on line 7217.
.................................................
.................................................
. LaTeX info: "xparse/define-command"
. 
. Defining document command \__siunitx_bookmark_num:w with arg. spec. 'om' on
. line 7262.
.................................................
.................................................
. LaTeX info: "xparse/define-command"
. 
. Defining document command \__siunitx_bookmark_numrange:w with arg. spec.
. 'omm' on line 7264.
.................................................
.................................................
. LaTeX info: "xparse/define-command"
. 
. Defining document command \__siunitx_bookmark_SI:w with arg. spec. 'omom' on
. line 7266.
.................................................
.................................................
. LaTeX info: "xparse/define-command"
. 
. Defining document command \__siunitx_bookmark_SIlist:w with arg. spec. 'omm'
. on line 7268.
.................................................
.................................................
. LaTeX info: "xparse/define-command"
. 
. Defining document command \__siunitx_bookmark_SIrange:w with arg. spec.
. 'ommm' on line 7270.
.................................................
.................................................
. LaTeX info: "xparse/define-command"
. 
. Defining document command \__siunitx_bookmark_si:w with arg. spec. 'om' on
. line 7271.
.................................................
\g__file_internal_ior=\read1

(/opt/local/share/texmf-texlive/tex/latex/beamer/translator/translator.sty
Package: translator 2010/06/12 ver 1.10

(/opt/local/share/texmf-texlive/tex/latex/beamer/translator/translator-language
-mappings.tex))) (./feynmp.sty
Package: feynmp 1996/12/02 v1.08 LaTeX/MetaPost Feynman Diagram Package (ohl)
\@outfmf=\write3
\fmfbuf@=\toks27
\c@fmfgraph=\count167
)
(/opt/local/share/texmf-texlive/tex/latex/preprint/authblk.sty
Package: authblk 2001/02/27 1.3 (PWD)
\affilsep=\skip69
\@affilsep=\skip70
\c@Maxaffil=\count168
\c@authors=\count169
\c@affil=\count170
) (./notex.aux)
\openout1 = `notex.aux'.

LaTeX Font Info:    Checking defaults for OML/txmi/m/it on input line 98.
LaTeX Font Info:    Try loading font information for OML+txmi on input line 98.


(/opt/local/share/texmf-texlive/tex/latex/txfonts/omltxmi.fd
File: omltxmi.fd 2000/12/15 v3.1
)
LaTeX Font Info:    ... okay on input line 98.
LaTeX Font Info:    Checking defaults for T1/cmr/m/n on input line 98.
LaTeX Font Info:    ... okay on input line 98.
LaTeX Font Info:    Checking defaults for OT1/cmr/m/n on input line 98.
LaTeX Font Info:    ... okay on input line 98.
LaTeX Font Info:    Checking defaults for OMS/txsy/m/n on input line 98.
LaTeX Font Info:    Try loading font information for OMS+txsy on input line 98.


(/opt/local/share/texmf-texlive/tex/latex/txfonts/omstxsy.fd
File: omstxsy.fd 2000/12/15 v3.1
)
LaTeX Font Info:    ... okay on input line 98.
LaTeX Font Info:    Checking defaults for OMX/txex/m/n on input line 98.
LaTeX Font Info:    Try loading font information for OMX+txex on input line 98.


(/opt/local/share/texmf-texlive/tex/latex/txfonts/omxtxex.fd
File: omxtxex.fd 2000/12/15 v3.1
)
LaTeX Font Info:    ... okay on input line 98.
LaTeX Font Info:    Checking defaults for U/txexa/m/n on input line 98.
LaTeX Font Info:    Try loading font information for U+txexa on input line 98.

(/opt/local/share/texmf-texlive/tex/latex/txfonts/utxexa.fd
File: utxexa.fd 2000/12/15 v3.1
)
LaTeX Font Info:    ... okay on input line 98.
LaTeX Font Info:    Try loading font information for OT1+txr on input line 98.

(/opt/local/share/texmf-texlive/tex/latex/txfonts/ot1txr.fd
File: ot1txr.fd 2000/12/15 v3.1
)
*geometry* driver: auto-detecting
*geometry* detected driver: pdftex
*geometry* verbose mode - [ preamble ] result:
* driver: pdftex
* paper: a4paper
* layout: <same size as paper>
* layoutoffset:(h,v)=(0.0pt,0.0pt)
* modes: 
* h-part:(L,W,R)=(71.1319pt, 455.24408pt, 71.1319pt)
* v-part:(T,H,B)=(73.9772pt, 660.10384pt, 110.9658pt)
* \paperwidth=597.50787pt
* \paperheight=845.04684pt
* \textwidth=455.24408pt
* \textheight=660.10384pt
* \oddsidemargin=-1.13809pt
* \evensidemargin=-1.13809pt
* \topmargin=-35.29279pt
* \headheight=12.0pt
* \headsep=25.0pt
* \topskip=11.0pt
* \footskip=30.0pt
* \marginparwidth=71.13188pt
* \marginparsep=7.0pt
* \columnsep=10.0pt
* \skip\footins=10.0pt plus 4.0pt minus 2.0pt
* \hoffset=0.0pt
* \voffset=0.0pt
* \mag=1000
* \@twocolumnfalse
* \@twosidefalse
* \@mparswitchfalse
* \@reversemarginfalse
* (1in=72.27pt=25.4mm, 1cm=28.453pt)

(/opt/local/share/texmf-texlive/tex/context/base/supp-pdf.mkii
[Loading MPS to PDF converter (version 2006.09.02).]
\scratchcounter=\count171
\scratchdimen=\dimen179
\scratchbox=\box55
\nofMPsegments=\count172
\nofMParguments=\count173
\everyMPshowfont=\toks28
\MPscratchCnt=\count174
\MPscratchDim=\dimen180
\MPnumerator=\count175
\makeMPintoPDFobject=\count176
\everyMPtoPDFconversion=\toks29
) (/opt/local/share/texmf-texlive/tex/generic/oberdiek/pdftexcmds.sty
Package: pdftexcmds 2011/11/29 v0.20 Utility functions of pdfTeX for LuaTeX (HO
)

(/opt/local/share/texmf-texlive/tex/generic/oberdiek/ifluatex.sty
Package: ifluatex 2010/03/01 v1.3 Provides the ifluatex switch (HO)
Package ifluatex Info: LuaTeX not detected.
)
Package pdftexcmds Info: LuaTeX not detected.
Package pdftexcmds Info: \pdf@primitive is available.
Package pdftexcmds Info: \pdf@ifprimitive is available.
Package pdftexcmds Info: \pdfdraftmode found.
)
(/opt/local/share/texmf-texlive/tex/latex/oberdiek/epstopdf-base.sty
Package: epstopdf-base 2010/02/09 v2.5 Base part for package epstopdf

(/opt/local/share/texmf-texlive/tex/latex/oberdiek/grfext.sty
Package: grfext 2010/08/19 v1.1 Manage graphics extensions (HO)

(/opt/local/share/texmf-texlive/tex/generic/oberdiek/kvdefinekeys.sty
Package: kvdefinekeys 2011/04/07 v1.3 Define keys (HO)
))
(/opt/local/share/texmf-texlive/tex/latex/oberdiek/kvoptions.sty
Package: kvoptions 2011/06/30 v3.11 Key value format for package options (HO)

(/opt/local/share/texmf-texlive/tex/generic/oberdiek/kvsetkeys.sty
Package: kvsetkeys 2012/04/25 v1.16 Key value parser (HO)

(/opt/local/share/texmf-texlive/tex/generic/oberdiek/etexcmds.sty
Package: etexcmds 2011/02/16 v1.5 Avoid name clashes with e-TeX commands (HO)
Package etexcmds Info: Could not find \expanded.
(etexcmds)             That can mean that you are not using pdfTeX 1.50 or
(etexcmds)             that some package has redefined \expanded.
(etexcmds)             In the latter case, load this package earlier.
)))
Package grfext Info: Graphics extension search list:
(grfext)             [.png,.pdf,.jpg,.mps,.jpeg,.jbig2,.jb2,.PNG,.PDF,.JPG,.JPE
G,.JBIG2,.JB2,.eps]
(grfext)             \AppendGraphicsExtensions on input line 452.

(/opt/local/share/texmf-texlive/tex/latex/latexconfig/epstopdf-sys.cfg
File: epstopdf-sys.cfg 2010/07/13 v1.3 Configuration of (r)epstopdf for TeX Liv
e
))
<AN_atlaslogo.pdf, id=1, 85.31876pt x 108.405pt>
File: AN_atlaslogo.pdf Graphic file (type pdf)
 <use AN_atlaslogo.pdf>
Package pdftex.def Info: AN_atlaslogo.pdf used on input line 98.
(pdftex.def)             Requested size: 85.35826pt x 108.46262pt.
LaTeX Font Info:    Try loading font information for OT1+txss on input line 98.


(/opt/local/share/texmf-texlive/tex/latex/txfonts/ot1txss.fd
File: ot1txss.fd 2000/12/15 v3.1
)
LaTeX Font Info:    Font shape `OT1/txss/bx/n' in size <20.74> not available
(Font)              Font shape `OT1/txss/b/n' tried instead on input line 98.
LaTeX Font Info:    Font shape `OT1/txss/b/n' will be
(Font)              scaled to size 19.70294pt on input line 98.

<AN_cernlogo.pdf, id=2, 85.31876pt x 83.31125pt>
File: AN_cernlogo.pdf Graphic file (type pdf)
 <use AN_cernlogo.pdf>
Package pdftex.def Info: AN_cernlogo.pdf used on input line 98.
(pdftex.def)             Requested size: 85.35826pt x 83.35551pt.
LaTeX Font Info:    Font shape `OT1/txss/m/n' will be
(Font)              scaled to size 5.69998pt on input line 98.
LaTeX Font Info:    Try loading font information for U+txmia on input line 98.

(/opt/local/share/texmf-texlive/tex/latex/txfonts/utxmia.fd
File: utxmia.fd 2000/12/15 v3.1
)
LaTeX Font Info:    Try loading font information for U+txsya on input line 98.

(/opt/local/share/texmf-texlive/tex/latex/txfonts/utxsya.fd
File: utxsya.fd 2000/12/15 v3.1
)
LaTeX Font Info:    Try loading font information for U+txsyb on input line 98.

(/opt/local/share/texmf-texlive/tex/latex/txfonts/utxsyb.fd
File: utxsyb.fd 2000/12/15 v3.1
)
LaTeX Font Info:    Try loading font information for U+txsyc on input line 98.

(/opt/local/share/texmf-texlive/tex/latex/txfonts/utxsyc.fd
File: utxsyc.fd 2000/12/15 v3.1
)
LaTeX Font Info:    Try loading font information for U+rsfs on input line 98.

(/opt/local/share/texmf-texlive/tex/latex/jknapltx/ursfs.fd
File: ursfs.fd 1998/03/24 rsfs font definition file (jk)
)
LaTeX Font Info:    Try loading font information for OMS+txr on input line 98.

(/opt/local/share/texmf-texlive/tex/latex/txfonts/omstxr.fd
File: omstxr.fd 2000/12/15 v3.1
)
LaTeX Font Info:    Font shape `OMS/txr/m/n' in size <10> not available
(Font)              Font shape `OMS/txsy/m/n' tried instead on input line 98.
 [1

{/opt/local/var/db/texmf/fonts/map/pdftex/updmap/pdftex.map} <./AN_atlaslogo.pd
f> <./AN_cernlogo.pdf>]
\timehh=\count177
\timemm=\count178

(/opt/local/share/texmf-texlive/tex/latex/beamer/translator/dicts/translator-ba
sic-dictionary/translator-basic-dictionary-English.dict
Dictionary: translator-basic-dictionary, Language: English 
)
(/opt/local/share/texmf-texlive/tex/latex/siunitx/config/siunitx-abbreviations.
cfg
File: siunitx-abbreviations.cfg 2013/03/11 v2.5q siunitx: Abbreviated units
)
\c__siunitx_mathsf_int=\count179
LaTeX Font Info:    Font shape `OT1/txss/m/n' will be
(Font)              scaled to size 10.40245pt on input line 98.
LaTeX Font Info:    Font shape `OT1/txss/m/n' will be
(Font)              scaled to size 7.59998pt on input line 98.
\c__siunitx_mathtt_int=\count180
LaTeX Font Info:    Try loading font information for OT1+txtt on input line 98.

 (/opt/local/share/texmf-texlive/tex/latex/txfonts/ot1txtt.fd
File: ot1txtt.fd 2000/12/15 v3.1
) (./notex.toc)
\tf@toc=\write4
\openout4 = `notex.toc'.

 [1] (./Introduction.tex) (./Theory.tex [2


]
\openout3 = `fgraphs.mp'.

File: fgraphs.1 Graphic file (type mps)
 [MP to PDF] (./fgraphs.1)
(./fgraphs.t1) [3

]

LaTeX Warning: Reference `fig:excWW' on page 4 undefined on input line 131.

\openout3 = `fgraphs0D.mp'.

File: fgraphs0D.1 Graphic file (type mps)
[MP to PDF] (./fgraphs0D.1) (./fgraphs0D.t1)
\openout3 = `fgraphsSD.mp'.

File: fgraphsSD.1 Graphic file (type mps)
 [MP to PDF] (./fgraphsSD.1)
(./fgraphsSD.t1)
\openout3 = `fgraphsDD.mp'.

File: fgraphsDD.1 Graphic file (type mps)
 [MP to PDF] (./fgraphsDD.1) (./fgraphsDD.t1)

LaTeX Warning: `!h' float specifier changed to `!ht'.

) (./Selection.tex [4] [5]
Overfull \hbox (2.90198pt too wide) in paragraph at lines 5--15
[] \OT1/txtt/m/n/10.95 EF_e60_medium1\OT1/txr/m/n/10.95 , [] \OT1/txtt/m/n/10.9
5 EF_mu36_tight\OT1/txr/m/n/10.95 , [] \OT1/txtt/m/n/10.95 EF_e12Tvh_medium1_mu
8\OT1/txr/m/n/10.95 , [] \OT1/txtt/m/n/10.95 EF_mu18_tight_mu8_EFFS \OT1/txr/m/
n/10.95 and
 []

Package epstopdf Info: Source file: <figures/em_CutMuElOverlapRemoval_lepPtLead
_mh125_log.eps>
(epstopdf)                    date: 2015-03-26 16:21:32
(epstopdf)                    size: 49715 bytes
(epstopdf)             Output file: <figures/em_CutMuElOverlapRemoval_lepPtLead
_mh125_log-eps-converted-to.pdf>
(epstopdf)                    date: 2015-03-30 09:48:49
(epstopdf)                    size: 20840 bytes
(epstopdf)             Command: <repstopdf --outfile=figures/em_CutMuElOverlapR
emoval_lepPtLead_mh125_log-eps-converted-to.pdf figures/em_CutMuElOverlapRemova
l_lepPtLead_mh125_log.eps>
(epstopdf)             \includegraphics on input line 39.
Package epstopdf Info: Output file is already uptodate.

<figures/em_CutMuElOverlapRemoval_lepPtLead_mh125_log-eps-converted-to.pdf, id=
47, 569.12625pt x 408.52625pt>
File: figures/em_CutMuElOverlapRemoval_lepPtLead_mh125_log-eps-converted-to.pdf
 Graphic file (type pdf)

<use figures/em_CutMuElOverlapRemoval_lepPtLead_mh125_log-eps-converted-to.pdf>
Package pdftex.def Info: figures/em_CutMuElOverlapRemoval_lepPtLead_mh125_log-e
ps-converted-to.pdf used on input line 39.
(pdftex.def)             Requested size: 227.62204pt x 163.3889pt.
Package epstopdf Info: Source file: <figures/em_CutMuElOverlapRemoval_lepEtaLea
d_mh125_log.eps>
(epstopdf)                    date: 2015-03-26 16:21:32
(epstopdf)                    size: 36037 bytes
(epstopdf)             Output file: <figures/em_CutMuElOverlapRemoval_lepEtaLea
d_mh125_log-eps-converted-to.pdf>
(epstopdf)                    date: 2015-03-30 09:48:52
(epstopdf)                    size: 17119 bytes
(epstopdf)             Command: <repstopdf --outfile=figures/em_CutMuElOverlapR
emoval_lepEtaLead_mh125_log-eps-converted-to.pdf figures/em_CutMuElOverlapRemov
al_lepEtaLead_mh125_log.eps>
(epstopdf)             \includegraphics on input line 40.
Package epstopdf Info: Output file is already uptodate.

<figures/em_CutMuElOverlapRemoval_lepEtaLead_mh125_log-eps-converted-to.pdf, id
=48, 569.12625pt x 408.52625pt>
File: figures/em_CutMuElOverlapRemoval_lepEtaLead_mh125_log-eps-converted-to.pd
f Graphic file (type pdf)

<use figures/em_CutMuElOverlapRemoval_lepEtaLead_mh125_log-eps-converted-to.pdf
>
Package pdftex.def Info: figures/em_CutMuElOverlapRemoval_lepEtaLead_mh125_log-
eps-converted-to.pdf used on input line 40.
(pdftex.def)             Requested size: 227.62204pt x 163.3889pt.

Overfull \hbox (14.73749pt too wide) in paragraph at lines 38--43
 [][] 
 []

Package epstopdf Info: Source file: <figures/me_CutMuElOverlapRemoval_lepPtLead
_mh125_log.eps>
(epstopdf)                    date: 2015-03-26 16:21:32
(epstopdf)                    size: 48869 bytes
(epstopdf)             Output file: <figures/me_CutMuElOverlapRemoval_lepPtLead
_mh125_log-eps-converted-to.pdf>
(epstopdf)                    date: 2015-03-30 09:48:55
(epstopdf)                    size: 20725 bytes
(epstopdf)             Command: <repstopdf --outfile=figures/me_CutMuElOverlapR
emoval_lepPtLead_mh125_log-eps-converted-to.pdf figures/me_CutMuElOverlapRemova
l_lepPtLead_mh125_log.eps>
(epstopdf)             \includegraphics on input line 63.
Package epstopdf Info: Output file is already uptodate.

<figures/me_CutMuElOverlapRemoval_lepPtLead_mh125_log-eps-converted-to.pdf, id=
49, 569.12625pt x 408.52625pt>
File: figures/me_CutMuElOverlapRemoval_lepPtLead_mh125_log-eps-converted-to.pdf
 Graphic file (type pdf)

<use figures/me_CutMuElOverlapRemoval_lepPtLead_mh125_log-eps-converted-to.pdf>
Package pdftex.def Info: figures/me_CutMuElOverlapRemoval_lepPtLead_mh125_log-e
ps-converted-to.pdf used on input line 63.
(pdftex.def)             Requested size: 227.62204pt x 163.3889pt.
Package epstopdf Info: Source file: <figures/me_CutMuElOverlapRemoval_lepEtaLea
d_mh125_log.eps>
(epstopdf)                    date: 2015-03-26 16:21:32
(epstopdf)                    size: 35884 bytes
(epstopdf)             Output file: <figures/me_CutMuElOverlapRemoval_lepEtaLea
d_mh125_log-eps-converted-to.pdf>
(epstopdf)                    date: 2015-03-30 09:48:58
(epstopdf)                    size: 17089 bytes
(epstopdf)             Command: <repstopdf --outfile=figures/me_CutMuElOverlapR
emoval_lepEtaLead_mh125_log-eps-converted-to.pdf figures/me_CutMuElOverlapRemov
al_lepEtaLead_mh125_log.eps>
(epstopdf)             \includegraphics on input line 64.
Package epstopdf Info: Output file is already uptodate.

<figures/me_CutMuElOverlapRemoval_lepEtaLead_mh125_log-eps-converted-to.pdf, id
=50, 569.12625pt x 408.52625pt>
File: figures/me_CutMuElOverlapRemoval_lepEtaLead_mh125_log-eps-converted-to.pd
f Graphic file (type pdf)

<use figures/me_CutMuElOverlapRemoval_lepEtaLead_mh125_log-eps-converted-to.pdf
>
Package pdftex.def Info: figures/me_CutMuElOverlapRemoval_lepEtaLead_mh125_log-
eps-converted-to.pdf used on input line 64.
(pdftex.def)             Requested size: 227.62204pt x 163.3889pt.

Overfull \hbox (14.73749pt too wide) in paragraph at lines 62--67
 [][] 
 []


LaTeX Warning: `!h' float specifier changed to `!ht'.

[6

 <./figures/em_CutMuElOverlapRemoval_lepPtLead_mh125_log-eps-converted-to.pdf> 
<./figures/em_CutMuElOverlapRemoval_lepEtaLead_mh125_log-eps-converted-to.pdf>]
Package epstopdf Info: Source file: <figures/emme_CutOSLeptons_nTracks_mh125_lo
g.eps>
(epstopdf)                    date: 2015-03-26 16:20:15
(epstopdf)                    size: 45848 bytes
(epstopdf)             Output file: <figures/emme_CutOSLeptons_nTracks_mh125_lo
g-eps-converted-to.pdf>
(epstopdf)                    date: 2015-03-30 09:49:00
(epstopdf)                    size: 19174 bytes
(epstopdf)             Command: <repstopdf --outfile=figures/emme_CutOSLeptons_
nTracks_mh125_log-eps-converted-to.pdf figures/emme_CutOSLeptons_nTracks_mh125_
log.eps>
(epstopdf)             \includegraphics on input line 87.
Package epstopdf Info: Output file is already uptodate.

<figures/emme_CutOSLeptons_nTracks_mh125_log-eps-converted-to.pdf, id=83, 569.1
2625pt x 408.52625pt>
File: figures/emme_CutOSLeptons_nTracks_mh125_log-eps-converted-to.pdf Graphic 
file (type pdf)

<use figures/emme_CutOSLeptons_nTracks_mh125_log-eps-converted-to.pdf>
Package pdftex.def Info: figures/emme_CutOSLeptons_nTracks_mh125_log-eps-conver
ted-to.pdf used on input line 87.
(pdftex.def)             Requested size: 227.62204pt x 163.3889pt.
 [7 <./figures/me_CutMuElOverlapRemoval_lepPtLead_mh125_log-eps-converted-to.pd
f> <./figures/me_CutMuElOverlapRemoval_lepEtaLead_mh125_log-eps-converted-to.pd
f> <./figures/emme_CutOSLeptons_nTracks_mh125_log-eps-converted-to.pdf>]
Package epstopdf Info: Source file: <figures/emme_CutOSLeptons_Mll_all_mh125_lo
g.eps>
(epstopdf)                    date: 2015-03-26 16:20:15
(epstopdf)                    size: 38171 bytes
(epstopdf)             Output file: <figures/emme_CutOSLeptons_Mll_all_mh125_lo
g-eps-converted-to.pdf>
(epstopdf)                    date: 2015-03-30 09:49:03
(epstopdf)                    size: 18700 bytes
(epstopdf)             Command: <repstopdf --outfile=figures/emme_CutOSLeptons_
Mll_all_mh125_log-eps-converted-to.pdf figures/emme_CutOSLeptons_Mll_all_mh125_
log.eps>
(epstopdf)             \includegraphics on input line 115.
Package epstopdf Info: Output file is already uptodate.

<figures/emme_CutOSLeptons_Mll_all_mh125_log-eps-converted-to.pdf, id=127, 569.
12625pt x 408.52625pt>
File: figures/emme_CutOSLeptons_Mll_all_mh125_log-eps-converted-to.pdf Graphic 
file (type pdf)

<use figures/emme_CutOSLeptons_Mll_all_mh125_log-eps-converted-to.pdf>
Package pdftex.def Info: figures/emme_CutOSLeptons_Mll_all_mh125_log-eps-conver
ted-to.pdf used on input line 115.
(pdftex.def)             Requested size: 227.62204pt x 163.3889pt.


LaTeX Warning: Reference `met' on page 8 undefined on input line 151.

[8 <./figures/emme_CutOSLeptons_Mll_all_mh125_log-eps-converted-to.pdf>]
Package epstopdf Info: Source file: <figures/emme_CutZVeto_MET_TrackHWW_Clj_mh1
25_log.eps>
(epstopdf)                    date: 2015-03-26 16:20:15
(epstopdf)                    size: 45366 bytes
(epstopdf)             Output file: <figures/emme_CutZVeto_MET_TrackHWW_Clj_mh1
25_log-eps-converted-to.pdf>
(epstopdf)                    date: 2015-03-30 09:49:06
(epstopdf)                    size: 19951 bytes
(epstopdf)             Command: <repstopdf --outfile=figures/emme_CutZVeto_MET_
TrackHWW_Clj_mh125_log-eps-converted-to.pdf figures/emme_CutZVeto_MET_TrackHWW_
Clj_mh125_log.eps>
(epstopdf)             \includegraphics on input line 161.
Package epstopdf Info: Output file is already uptodate.

<figures/emme_CutZVeto_MET_TrackHWW_Clj_mh125_log-eps-converted-to.pdf, id=146,
 569.12625pt x 408.52625pt>
File: figures/emme_CutZVeto_MET_TrackHWW_Clj_mh125_log-eps-converted-to.pdf Gra
phic file (type pdf)

<use figures/emme_CutZVeto_MET_TrackHWW_Clj_mh125_log-eps-converted-to.pdf>
Package pdftex.def Info: figures/emme_CutZVeto_MET_TrackHWW_Clj_mh125_log-eps-c
onverted-to.pdf used on input line 161.
(pdftex.def)             Requested size: 227.62204pt x 163.3889pt.
Package epstopdf Info: Source file: <figures/emme_CutZVeto_METRel_mh125_log.eps
>
(epstopdf)                    date: 2015-03-26 16:20:15
(epstopdf)                    size: 45269 bytes
(epstopdf)             Output file: <figures/emme_CutZVeto_METRel_mh125_log-eps
-converted-to.pdf>
(epstopdf)                    date: 2015-03-30 09:49:08
(epstopdf)                    size: 19789 bytes
(epstopdf)             Command: <repstopdf --outfile=figures/emme_CutZVeto_METR
el_mh125_log-eps-converted-to.pdf figures/emme_CutZVeto_METRel_mh125_log.eps>
(epstopdf)             \includegraphics on input line 162.
Package epstopdf Info: Output file is already uptodate.

<figures/emme_CutZVeto_METRel_mh125_log-eps-converted-to.pdf, id=147, 569.12625
pt x 408.52625pt>
File: figures/emme_CutZVeto_METRel_mh125_log-eps-converted-to.pdf Graphic file 
(type pdf)

<use figures/emme_CutZVeto_METRel_mh125_log-eps-converted-to.pdf>
Package pdftex.def Info: figures/emme_CutZVeto_METRel_mh125_log-eps-converted-t
o.pdf used on input line 162.
(pdftex.def)             Requested size: 227.62204pt x 163.3889pt.

Overfull \hbox (14.73749pt too wide) in paragraph at lines 160--166
 [][] 
 []

Package epstopdf Info: Source file: <figures/emme_CutMETRel_DPhillMET_TrackHWW_
Clj_mh125_log.eps>
(epstopdf)                    date: 2015-03-26 16:20:15
(epstopdf)                    size: 34836 bytes
(epstopdf)             Output file: <figures/emme_CutMETRel_DPhillMET_TrackHWW_
Clj_mh125_log-eps-converted-to.pdf>
(epstopdf)                    date: 2015-03-30 09:49:11
(epstopdf)                    size: 17758 bytes
(epstopdf)             Command: <repstopdf --outfile=figures/emme_CutMETRel_DPh
illMET_TrackHWW_Clj_mh125_log-eps-converted-to.pdf figures/emme_CutMETRel_DPhil
lMET_TrackHWW_Clj_mh125_log.eps>
(epstopdf)             \includegraphics on input line 180.
Package epstopdf Info: Output file is already uptodate.

<figures/emme_CutMETRel_DPhillMET_TrackHWW_Clj_mh125_log-eps-converted-to.pdf, 
id=148, 569.12625pt x 408.52625pt>
File: figures/emme_CutMETRel_DPhillMET_TrackHWW_Clj_mh125_log-eps-converted-to.
pdf Graphic file (type pdf)

<use figures/emme_CutMETRel_DPhillMET_TrackHWW_Clj_mh125_log-eps-converted-to.p
df>
Package pdftex.def Info: figures/emme_CutMETRel_DPhillMET_TrackHWW_Clj_mh125_lo
g-eps-converted-to.pdf used on input line 180.
(pdftex.def)             Requested size: 227.62204pt x 163.3889pt.
Package epstopdf Info: Source file: <figures/emme_CutDPhillMET_Ptll_mh125_log.e
ps>
(epstopdf)                    date: 2015-03-26 16:20:14
(epstopdf)                    size: 39669 bytes
(epstopdf)             Output file: <figures/emme_CutDPhillMET_Ptll_mh125_log-e
ps-converted-to.pdf>
(epstopdf)                    date: 2015-03-30 09:49:14
(epstopdf)                    size: 18790 bytes
(epstopdf)             Command: <repstopdf --outfile=figures/emme_CutDPhillMET_
Ptll_mh125_log-eps-converted-to.pdf figures/emme_CutDPhillMET_Ptll_mh125_log.ep
s>
(epstopdf)             \includegraphics on input line 181.
Package epstopdf Info: Output file is already uptodate.

<figures/emme_CutDPhillMET_Ptll_mh125_log-eps-converted-to.pdf, id=149, 569.126
25pt x 408.52625pt>
File: figures/emme_CutDPhillMET_Ptll_mh125_log-eps-converted-to.pdf Graphic fil
e (type pdf)

<use figures/emme_CutDPhillMET_Ptll_mh125_log-eps-converted-to.pdf>
Package pdftex.def Info: figures/emme_CutDPhillMET_Ptll_mh125_log-eps-converted
-to.pdf used on input line 181.
(pdftex.def)             Requested size: 227.62204pt x 163.3889pt.

Overfull \hbox (14.73749pt too wide) in paragraph at lines 179--186
 [][] 
 []

Package epstopdf Info: Source file: <figures/emme_CutTopoMll_DPhill_mh125_log.e
ps>
(epstopdf)                    date: 2015-03-25 23:12:35
(epstopdf)                    size: 34523 bytes
(epstopdf)             Output file: <figures/emme_CutTopoMll_DPhill_mh125_log-e
ps-converted-to.pdf>
(epstopdf)                    date: 2015-03-30 09:49:16
(epstopdf)                    size: 17276 bytes
(epstopdf)             Command: <repstopdf --outfile=figures/emme_CutTopoMll_DP
hill_mh125_log-eps-converted-to.pdf figures/emme_CutTopoMll_DPhill_mh125_log.ep
s>
(epstopdf)             \includegraphics on input line 198.
Package epstopdf Info: Output file is already uptodate.

<figures/emme_CutTopoMll_DPhill_mh125_log-eps-converted-to.pdf, id=150, 569.126
25pt x 408.52625pt>
File: figures/emme_CutTopoMll_DPhill_mh125_log-eps-converted-to.pdf Graphic fil
e (type pdf)

<use figures/emme_CutTopoMll_DPhill_mh125_log-eps-converted-to.pdf>
Package pdftex.def Info: figures/emme_CutTopoMll_DPhill_mh125_log-eps-converted
-to.pdf used on input line 198.
(pdftex.def)             Requested size: 227.62204pt x 163.3889pt.


LaTeX Warning: `!h' float specifier changed to `!ht'.


LaTeX Warning: Reference `section:exclusivity' on page 9 undefined on input lin
e 207.

[9 <./figures/emme_CutZVeto_MET_TrackHWW_Clj_mh125_log-eps-converted-to.pdf> <.
/figures/emme_CutZVeto_METRel_mh125_log-eps-converted-to.pdf> <./figures/emme_C
utMETRel_DPhillMET_TrackHWW_Clj_mh125_log-eps-converted-to.pdf> <./figures/emme
_CutDPhillMET_Ptll_mh125_log-eps-converted-to.pdf>]) (./Exclusivity.tex
[10 <./figures/emme_CutTopoMll_DPhill_mh125_log-eps-converted-to.pdf>]
Package epstopdf Info: Source file: <figures/em_CutDilepDz0_nTrkMatch0_mh125_lo
g.eps>
(epstopdf)                    date: 2015-03-21 15:29:48
(epstopdf)                    size: 27341 bytes
(epstopdf)             Output file: <figures/em_CutDilepDz0_nTrkMatch0_mh125_lo
g-eps-converted-to.pdf>
(epstopdf)                    date: 2015-03-22 12:20:24
(epstopdf)                    size: 14802 bytes
(epstopdf)             Command: <repstopdf --outfile=figures/em_CutDilepDz0_nTr
kMatch0_mh125_log-eps-converted-to.pdf figures/em_CutDilepDz0_nTrkMatch0_mh125_
log.eps>
(epstopdf)             \includegraphics on input line 32.
Package epstopdf Info: Output file is already uptodate.

<figures/em_CutDilepDz0_nTrkMatch0_mh125_log-eps-converted-to.pdf, id=227, 569.
12625pt x 408.52625pt>
File: figures/em_CutDilepDz0_nTrkMatch0_mh125_log-eps-converted-to.pdf Graphic 
file (type pdf)

<use figures/em_CutDilepDz0_nTrkMatch0_mh125_log-eps-converted-to.pdf>
Package pdftex.def Info: figures/em_CutDilepDz0_nTrkMatch0_mh125_log-eps-conver
ted-to.pdf used on input line 32.
(pdftex.def)             Requested size: 227.62204pt x 163.3889pt.
Package epstopdf Info: Source file: <figures/me_CutDilepDz0_nTrkMatch0_mh125_lo
g.eps>
(epstopdf)                    date: 2015-03-21 15:29:49
(epstopdf)                    size: 27216 bytes
(epstopdf)             Output file: <figures/me_CutDilepDz0_nTrkMatch0_mh125_lo
g-eps-converted-to.pdf>
(epstopdf)                    date: 2015-03-22 12:20:27
(epstopdf)                    size: 14827 bytes
(epstopdf)             Command: <repstopdf --outfile=figures/me_CutDilepDz0_nTr
kMatch0_mh125_log-eps-converted-to.pdf figures/me_CutDilepDz0_nTrkMatch0_mh125_
log.eps>
(epstopdf)             \includegraphics on input line 33.
Package epstopdf Info: Output file is already uptodate.

<figures/me_CutDilepDz0_nTrkMatch0_mh125_log-eps-converted-to.pdf, id=228, 569.
12625pt x 408.52625pt>
File: figures/me_CutDilepDz0_nTrkMatch0_mh125_log-eps-converted-to.pdf Graphic 
file (type pdf)

<use figures/me_CutDilepDz0_nTrkMatch0_mh125_log-eps-converted-to.pdf>
Package pdftex.def Info: figures/me_CutDilepDz0_nTrkMatch0_mh125_log-eps-conver
ted-to.pdf used on input line 33.
(pdftex.def)             Requested size: 227.62204pt x 163.3889pt.

Overfull \hbox (14.73749pt too wide) in paragraph at lines 31--37
 [][] 
 []


Overfull \hbox (5.38351pt too wide) in paragraph at lines 41--44
[]\OT1/txr/m/n/10.95 Because elec-trons un-dergo bremsstrahlung more fre-quentl
y than muons, there are more tracks matched
 []

[11

 <./figures/em_CutDilepDz0_nTrkMatch0_mh125_log-eps-converted-to.pdf> <./figure
s/me_CutDilepDz0_nTrkMatch0_mh125_log-eps-converted-to.pdf>]
Package epstopdf Info: Source file: <figures/cartoon.eps>
(epstopdf)                    date: 2015-03-30 09:51:11
(epstopdf)                    size: 189943 bytes
(epstopdf)             Output file: <figures/cartoon-eps-converted-to.pdf>
(epstopdf)                    date: 2015-03-30 09:56:54
(epstopdf)                    size: 12679 bytes
(epstopdf)             Command: <repstopdf --outfile=figures/cartoon-eps-conver
ted-to.pdf figures/cartoon.eps>
(epstopdf)             \includegraphics on input line 60.
Package epstopdf Info: Output file is already uptodate.

<figures/cartoon-eps-converted-to.pdf, id=256, 300.12125pt x 175.65625pt>
File: figures/cartoon-eps-converted-to.pdf Graphic file (type pdf)

<use figures/cartoon-eps-converted-to.pdf>
Package pdftex.def Info: figures/cartoon-eps-converted-to.pdf used on input lin
e 60.
(pdftex.def)             Requested size: 182.09485pt x 106.57924pt.
Package epstopdf Info: Source file: <figures/trkdz0_deltaZ1.eps>
(epstopdf)                    date: 2015-03-21 15:18:56
(epstopdf)                    size: 30916 bytes
(epstopdf)             Output file: <figures/trkdz0_deltaZ1-eps-converted-to.pd
f>
(epstopdf)                    date: 2015-03-22 12:19:09
(epstopdf)                    size: 15491 bytes
(epstopdf)             Command: <repstopdf --outfile=figures/trkdz0_deltaZ1-eps
-converted-to.pdf figures/trkdz0_deltaZ1.eps>
(epstopdf)             \includegraphics on input line 68.
Package epstopdf Info: Output file is already uptodate.

<figures/trkdz0_deltaZ1-eps-converted-to.pdf, id=257, 569.12625pt x 408.52625pt
>
File: figures/trkdz0_deltaZ1-eps-converted-to.pdf Graphic file (type pdf)
 <use figures/trkdz0_deltaZ1-eps-converted-to.pdf>
Package pdftex.def Info: figures/trkdz0_deltaZ1-eps-converted-to.pdf used on in
put line 68.
(pdftex.def)             Requested size: 227.62204pt x 163.3889pt.
Package epstopdf Info: Source file: <figures/emme_sOverB.eps>
(epstopdf)                    date: 2015-03-23 09:38:07
(epstopdf)                    size: 14376 bytes
(epstopdf)             Output file: <figures/emme_sOverB-eps-converted-to.pdf>
(epstopdf)                    date: 2015-03-23 11:33:32
(epstopdf)                    size: 12055 bytes
(epstopdf)             Command: <repstopdf --outfile=figures/emme_sOverB-eps-co
nverted-to.pdf figures/emme_sOverB.eps>
(epstopdf)             \includegraphics on input line 80.
Package epstopdf Info: Output file is already uptodate.

<figures/emme_sOverB-eps-converted-to.pdf, id=258, 569.12625pt x 408.52625pt>
File: figures/emme_sOverB-eps-converted-to.pdf Graphic file (type pdf)

<use figures/emme_sOverB-eps-converted-to.pdf>
Package pdftex.def Info: figures/emme_sOverB-eps-converted-to.pdf used on input
 line 80.
(pdftex.def)             Requested size: 318.66946pt x 228.75444pt.


LaTeX Warning: `!h' float specifier changed to `!ht'.

Package epstopdf Info: Source file: <figures/emme_CutZjetsPtll_Mll_mh125_log.ep
s>
(epstopdf)                    date: 2015-03-26 09:59:34
(epstopdf)                    size: 47562 bytes
(epstopdf)             Output file: <figures/emme_CutZjetsPtll_Mll_mh125_log-ep
s-converted-to.pdf>
(epstopdf)                    date: 2015-03-30 09:49:19
(epstopdf)                    size: 23959 bytes
(epstopdf)             Command: <repstopdf --outfile=figures/emme_CutZjetsPtll_
Mll_mh125_log-eps-converted-to.pdf figures/emme_CutZjetsPtll_Mll_mh125_log.eps>

(epstopdf)             \includegraphics on input line 128.
Package epstopdf Info: Output file is already uptodate.

<figures/emme_CutZjetsPtll_Mll_mh125_log-eps-converted-to.pdf, id=259, 569.1262
5pt x 546.04pt>
File: figures/emme_CutZjetsPtll_Mll_mh125_log-eps-converted-to.pdf Graphic file
 (type pdf)

<use figures/emme_CutZjetsPtll_Mll_mh125_log-eps-converted-to.pdf>
Package pdftex.def Info: figures/emme_CutZjetsPtll_Mll_mh125_log-eps-converted-
to.pdf used on input line 128.
(pdftex.def)             Requested size: 227.62204pt x 218.38713pt.
Package epstopdf Info: Source file: <figures/emme_CutZjetsDPhillMET_Ptll_mh125_
log.eps>
(epstopdf)                    date: 2015-03-26 09:59:33
(epstopdf)                    size: 50484 bytes
(epstopdf)             Output file: <figures/emme_CutZjetsDPhillMET_Ptll_mh125_
log-eps-converted-to.pdf>
(epstopdf)                    date: 2015-03-30 09:49:21
(epstopdf)                    size: 25630 bytes
(epstopdf)             Command: <repstopdf --outfile=figures/emme_CutZjetsDPhil
lMET_Ptll_mh125_log-eps-converted-to.pdf figures/emme_CutZjetsDPhillMET_Ptll_mh
125_log.eps>
(epstopdf)             \includegraphics on input line 129.
Package epstopdf Info: Output file is already uptodate.

<figures/emme_CutZjetsDPhillMET_Ptll_mh125_log-eps-converted-to.pdf, id=260, 56
9.12625pt x 546.04pt>
File: figures/emme_CutZjetsDPhillMET_Ptll_mh125_log-eps-converted-to.pdf Graphi
c file (type pdf)

<use figures/emme_CutZjetsDPhillMET_Ptll_mh125_log-eps-converted-to.pdf>
Package pdftex.def Info: figures/emme_CutZjetsDPhillMET_Ptll_mh125_log-eps-conv
erted-to.pdf used on input line 129.
(pdftex.def)             Requested size: 227.62204pt x 218.38713pt.
Package epstopdf Info: Source file: <figures/emme_CutZjetsDPhillMET_DPhill_mh12
5_log.eps>
(epstopdf)                    date: 2015-03-26 09:59:33
(epstopdf)                    size: 43330 bytes
(epstopdf)             Output file: <figures/emme_CutZjetsDPhillMET_DPhill_mh12
5_log-eps-converted-to.pdf>
(epstopdf)                    date: 2015-03-30 09:49:24
(epstopdf)                    size: 22469 bytes
(epstopdf)             Command: <repstopdf --outfile=figures/emme_CutZjetsDPhil
lMET_DPhill_mh125_log-eps-converted-to.pdf figures/emme_CutZjetsDPhillMET_DPhil
l_mh125_log.eps>
(epstopdf)             \includegraphics on input line 130.
Package epstopdf Info: Output file is already uptodate.

<figures/emme_CutZjetsDPhillMET_DPhill_mh125_log-eps-converted-to.pdf, id=261, 
569.12625pt x 546.04pt>
File: figures/emme_CutZjetsDPhillMET_DPhill_mh125_log-eps-converted-to.pdf Grap
hic file (type pdf)

<use figures/emme_CutZjetsDPhillMET_DPhill_mh125_log-eps-converted-to.pdf>
Package pdftex.def Info: figures/emme_CutZjetsDPhillMET_DPhill_mh125_log-eps-co
nverted-to.pdf used on input line 130.
(pdftex.def)             Requested size: 227.62204pt x 218.38713pt.
Package epstopdf Info: Source file: <figures/emme_CutZjetsDilepDz0_MET_mh125_lo
g.eps>
(epstopdf)                    date: 2015-03-26 09:59:33
(epstopdf)                    size: 54231 bytes
(epstopdf)             Output file: <figures/emme_CutZjetsDilepDz0_MET_mh125_lo
g-eps-converted-to.pdf>
(epstopdf)                    date: 2015-03-30 09:49:27
(epstopdf)                    size: 27527 bytes
(epstopdf)             Command: <repstopdf --outfile=figures/emme_CutZjetsDilep
Dz0_MET_mh125_log-eps-converted-to.pdf figures/emme_CutZjetsDilepDz0_MET_mh125_
log.eps>
(epstopdf)             \includegraphics on input line 131.
Package epstopdf Info: Output file is already uptodate.

<figures/emme_CutZjetsDilepDz0_MET_mh125_log-eps-converted-to.pdf, id=262, 569.
12625pt x 546.04pt>
File: figures/emme_CutZjetsDilepDz0_MET_mh125_log-eps-converted-to.pdf Graphic 
file (type pdf)

<use figures/emme_CutZjetsDilepDz0_MET_mh125_log-eps-converted-to.pdf>
Package pdftex.def Info: figures/emme_CutZjetsDilepDz0_MET_mh125_log-eps-conver
ted-to.pdf used on input line 131.
(pdftex.def)             Requested size: 227.62204pt x 218.38713pt.
Package epstopdf Info: Source file: <figures/emme_CutZjetsDPhillMET_lepPtLead_m
h125_log.eps>
(epstopdf)                    date: 2015-03-26 09:59:33
(epstopdf)                    size: 61490 bytes
(epstopdf)             Output file: <figures/emme_CutZjetsDPhillMET_lepPtLead_m
h125_log-eps-converted-to.pdf>
(epstopdf)                    date: 2015-03-30 09:49:29
(epstopdf)                    size: 29827 bytes
(epstopdf)             Command: <repstopdf --outfile=figures/emme_CutZjetsDPhil
lMET_lepPtLead_mh125_log-eps-converted-to.pdf figures/emme_CutZjetsDPhillMET_le
pPtLead_mh125_log.eps>
(epstopdf)             \includegraphics on input line 132.
Package epstopdf Info: Output file is already uptodate.

<figures/emme_CutZjetsDPhillMET_lepPtLead_mh125_log-eps-converted-to.pdf, id=26
3, 569.12625pt x 546.04pt>
File: figures/emme_CutZjetsDPhillMET_lepPtLead_mh125_log-eps-converted-to.pdf G
raphic file (type pdf)

<use figures/emme_CutZjetsDPhillMET_lepPtLead_mh125_log-eps-converted-to.pdf>
Package pdftex.def Info: figures/emme_CutZjetsDPhillMET_lepPtLead_mh125_log-eps
-converted-to.pdf used on input line 132.
(pdftex.def)             Requested size: 227.62204pt x 218.38713pt.
Package epstopdf Info: Source file: <figures/emme_CutZjetsDPhillMET_lepPtSubLea
d_mh125_log.eps>
(epstopdf)                    date: 2015-03-26 09:59:33
(epstopdf)                    size: 53801 bytes
(epstopdf)             Output file: <figures/emme_CutZjetsDPhillMET_lepPtSubLea
d_mh125_log-eps-converted-to.pdf>
(epstopdf)                    date: 2015-03-30 09:49:32
(epstopdf)                    size: 26976 bytes
(epstopdf)             Command: <repstopdf --outfile=figures/emme_CutZjetsDPhil
lMET_lepPtSubLead_mh125_log-eps-converted-to.pdf figures/emme_CutZjetsDPhillMET
_lepPtSubLead_mh125_log.eps>
(epstopdf)             \includegraphics on input line 133.
Package epstopdf Info: Output file is already uptodate.

<figures/emme_CutZjetsDPhillMET_lepPtSubLead_mh125_log-eps-converted-to.pdf, id
=264, 569.12625pt x 546.04pt>
File: figures/emme_CutZjetsDPhillMET_lepPtSubLead_mh125_log-eps-converted-to.pd
f Graphic file (type pdf)

<use figures/emme_CutZjetsDPhillMET_lepPtSubLead_mh125_log-eps-converted-to.pdf
>
Package pdftex.def Info: figures/emme_CutZjetsDPhillMET_lepPtSubLead_mh125_log-
eps-converted-to.pdf used on input line 133.
(pdftex.def)             Requested size: 227.62204pt x 218.38713pt.

Overfull \hbox (14.73749pt too wide) in paragraph at lines 127--135
 [][] 
 []


LaTeX Warning: Float too large for page by 28.15262pt on input line 137.


LaTeX Warning: `!h' float specifier changed to `!ht'.


LaTeX Warning: Reference `figztauExclCR' on page 12 undefined on input line 139
.

[12 <./figures/cartoon-eps-converted-to.pdf> <./figures/trkdz0_deltaZ1-eps-conv
erted-to.pdf>]
Package epstopdf Info: Source file: <figures/emme_CutZjetsDilepDz0_dilepdz0_mh1
25_log.eps>
(epstopdf)                    date: 2015-03-26 09:59:33
(epstopdf)                    size: 42488 bytes
(epstopdf)             Output file: <figures/emme_CutZjetsDilepDz0_dilepdz0_mh1
25_log-eps-converted-to.pdf>
(epstopdf)                    date: 2015-03-30 09:49:34
(epstopdf)                    size: 21893 bytes
(epstopdf)             Command: <repstopdf --outfile=figures/emme_CutZjetsDilep
Dz0_dilepdz0_mh125_log-eps-converted-to.pdf figures/emme_CutZjetsDilepDz0_dilep
dz0_mh125_log.eps>
(epstopdf)             \includegraphics on input line 155.
Package epstopdf Info: Output file is already uptodate.

<figures/emme_CutZjetsDilepDz0_dilepdz0_mh125_log-eps-converted-to.pdf, id=306,
 569.12625pt x 546.04pt>
File: figures/emme_CutZjetsDilepDz0_dilepdz0_mh125_log-eps-converted-to.pdf Gra
phic file (type pdf)

<use figures/emme_CutZjetsDilepDz0_dilepdz0_mh125_log-eps-converted-to.pdf>
Package pdftex.def Info: figures/emme_CutZjetsDilepDz0_dilepdz0_mh125_log-eps-c
onverted-to.pdf used on input line 155.
(pdftex.def)             Requested size: 227.62204pt x 218.38713pt.
Package epstopdf Info: Source file: <figures/emme_CutZjetsDilepDz0_trkdz0_0_mh1
25_log.eps>
(epstopdf)                    date: 2015-03-26 09:59:33
(epstopdf)                    size: 39567 bytes
(epstopdf)             Output file: <figures/emme_CutZjetsDilepDz0_trkdz0_0_mh1
25_log-eps-converted-to.pdf>
(epstopdf)                    date: 2015-03-30 09:49:37
(epstopdf)                    size: 19297 bytes
(epstopdf)             Command: <repstopdf --outfile=figures/emme_CutZjetsDilep
Dz0_trkdz0_0_mh125_log-eps-converted-to.pdf figures/emme_CutZjetsDilepDz0_trkdz
0_0_mh125_log.eps>
(epstopdf)             \includegraphics on input line 156.
Package epstopdf Info: Output file is already uptodate.

<figures/emme_CutZjetsDilepDz0_trkdz0_0_mh125_log-eps-converted-to.pdf, id=307,
 569.12625pt x 546.04pt>
File: figures/emme_CutZjetsDilepDz0_trkdz0_0_mh125_log-eps-converted-to.pdf Gra
phic file (type pdf)

<use figures/emme_CutZjetsDilepDz0_trkdz0_0_mh125_log-eps-converted-to.pdf>
Package pdftex.def Info: figures/emme_CutZjetsDilepDz0_trkdz0_0_mh125_log-eps-c
onverted-to.pdf used on input line 156.
(pdftex.def)             Requested size: 227.62204pt x 218.38713pt.

Overfull \hbox (14.73749pt too wide) in paragraph at lines 154--159
 [][] 
 []


LaTeX Warning: `!h' float specifier changed to `!ht'.

[13 <./figures/emme_sOverB-eps-converted-to.pdf>]
Package epstopdf Info: Source file: <figures/extraZsherpa.eps>
(epstopdf)                    date: 2015-03-26 10:11:26
(epstopdf)                    size: 9750 bytes
(epstopdf)             Output file: <figures/extraZsherpa-eps-converted-to.pdf>

(epstopdf)                    date: 2015-03-30 09:49:39
(epstopdf)                    size: 9066 bytes
(epstopdf)             Command: <repstopdf --outfile=figures/extraZsherpa-eps-c
onverted-to.pdf figures/extraZsherpa.eps>
(epstopdf)             \includegraphics on input line 196.
Package epstopdf Info: Output file is already uptodate.

<figures/extraZsherpa-eps-converted-to.pdf, id=323, 569.12625pt x 385.44pt>
File: figures/extraZsherpa-eps-converted-to.pdf Graphic file (type pdf)

<use figures/extraZsherpa-eps-converted-to.pdf>
Package pdftex.def Info: figures/extraZsherpa-eps-converted-to.pdf used on inpu
t line 196.
(pdftex.def)             Requested size: 227.62204pt x 154.15562pt.
Package epstopdf Info: Source file: <figures/extraZpowheg.eps>
(epstopdf)                    date: 2015-03-26 10:11:26
(epstopdf)                    size: 9820 bytes
(epstopdf)             Output file: <figures/extraZpowheg-eps-converted-to.pdf>

(epstopdf)                    date: 2015-03-30 09:49:42
(epstopdf)                    size: 9283 bytes
(epstopdf)             Command: <repstopdf --outfile=figures/extraZpowheg-eps-c
onverted-to.pdf figures/extraZpowheg.eps>
(epstopdf)             \includegraphics on input line 197.
Package epstopdf Info: Output file is already uptodate.

<figures/extraZpowheg-eps-converted-to.pdf, id=324, 569.12625pt x 385.44pt>
File: figures/extraZpowheg-eps-converted-to.pdf Graphic file (type pdf)

<use figures/extraZpowheg-eps-converted-to.pdf>
Package pdftex.def Info: figures/extraZpowheg-eps-converted-to.pdf used on inpu
t line 197.
(pdftex.def)             Requested size: 227.62204pt x 154.15562pt.

Overfull \hbox (14.73749pt too wide) in paragraph at lines 195--201
[][] 
 []


LaTeX Warning: `!h' float specifier changed to `!ht'.

) (./bkgEst.tex [14] [15 <./figures/emme_CutZjetsPtll_Mll_mh125_log-eps-convert
ed-to.pdf> <./figures/emme_CutZjetsDPhillMET_Ptll_mh125_log-eps-converted-to.pd
f> <./figures/emme_CutZjetsDPhillMET_DPhill_mh125_log-eps-converted-to.pdf> <./
figures/emme_CutZjetsDilepDz0_MET_mh125_log-eps-converted-to.pdf> <./figures/em
me_CutZjetsDPhillMET_lepPtLead_mh125_log-eps-converted-to.pdf> <./figures/emme_
CutZjetsDPhillMET_lepPtSubLead_mh125_log-eps-converted-to.pdf>] [16 <./figures/
emme_CutZjetsDilepDz0_dilepdz0_mh125_log-eps-converted-to.pdf> <./figures/emme_
CutZjetsDilepDz0_trkdz0_0_mh125_log-eps-converted-to.pdf> <./figures/extraZsher
pa-eps-converted-to.pdf> <./figures/extraZpowheg-eps-converted-to.pdf>]
[17

]
Package epstopdf Info: Source file: <figures/emme_CutWW0jet_Ptll_mh125_lin.eps>

(epstopdf)                    date: 2015-03-30 08:54:31
(epstopdf)                    size: 37988 bytes
(epstopdf)             Output file: <figures/emme_CutWW0jet_Ptll_mh125_lin-eps-
converted-to.pdf>
(epstopdf)                    date: 2015-03-30 08:54:31
(epstopdf)                    size: 21820 bytes
(epstopdf)             Command: <repstopdf --outfile=figures/emme_CutWW0jet_Ptl
l_mh125_lin-eps-converted-to.pdf figures/emme_CutWW0jet_Ptll_mh125_lin.eps>
(epstopdf)             \includegraphics on input line 76.
Package epstopdf Info: Output file is already uptodate.

<figures/emme_CutWW0jet_Ptll_mh125_lin-eps-converted-to.pdf, id=468, 569.12625p
t x 546.04pt>
File: figures/emme_CutWW0jet_Ptll_mh125_lin-eps-converted-to.pdf Graphic file (
type pdf)
 <use figures/emme_CutWW0jet_Ptll_mh125_lin-eps-converted-to.pdf>
Package pdftex.def Info: figures/emme_CutWW0jet_Ptll_mh125_lin-eps-converted-to
.pdf used on input line 76.
(pdftex.def)             Requested size: 227.62204pt x 218.38713pt.
Package epstopdf Info: Source file: <figures/emme_CutWW0jetNoMll_Mll_high_mh125
_lin.eps>
(epstopdf)                    date: 2015-03-30 08:54:31
(epstopdf)                    size: 36795 bytes
(epstopdf)             Output file: <figures/emme_CutWW0jetNoMll_Mll_high_mh125
_lin-eps-converted-to.pdf>
(epstopdf)                    date: 2015-03-30 08:54:31
(epstopdf)                    size: 22173 bytes
(epstopdf)             Command: <repstopdf --outfile=figures/emme_CutWW0jetNoMl
l_Mll_high_mh125_lin-eps-converted-to.pdf figures/emme_CutWW0jetNoMll_Mll_high_
mh125_lin.eps>
(epstopdf)             \includegraphics on input line 77.
Package epstopdf Info: Output file is already uptodate.

<figures/emme_CutWW0jetNoMll_Mll_high_mh125_lin-eps-converted-to.pdf, id=469, 5
69.12625pt x 546.04pt>
File: figures/emme_CutWW0jetNoMll_Mll_high_mh125_lin-eps-converted-to.pdf Graph
ic file (type pdf)

<use figures/emme_CutWW0jetNoMll_Mll_high_mh125_lin-eps-converted-to.pdf>
Package pdftex.def Info: figures/emme_CutWW0jetNoMll_Mll_high_mh125_lin-eps-con
verted-to.pdf used on input line 77.
(pdftex.def)             Requested size: 227.62204pt x 218.38713pt.
Package epstopdf Info: Source file: <figures/emme_CutWW0jet_DPhill_mh125_lin.ep
s>
(epstopdf)                    date: 2015-03-30 08:54:31
(epstopdf)                    size: 37824 bytes
(epstopdf)             Output file: <figures/emme_CutWW0jet_DPhill_mh125_lin-ep
s-converted-to.pdf>
(epstopdf)                    date: 2015-03-30 08:54:31
(epstopdf)                    size: 20806 bytes
(epstopdf)             Command: <repstopdf --outfile=figures/emme_CutWW0jet_DPh
ill_mh125_lin-eps-converted-to.pdf figures/emme_CutWW0jet_DPhill_mh125_lin.eps>

(epstopdf)             \includegraphics on input line 78.
Package epstopdf Info: Output file is already uptodate.

<figures/emme_CutWW0jet_DPhill_mh125_lin-eps-converted-to.pdf, id=470, 569.1262
5pt x 546.04pt>
File: figures/emme_CutWW0jet_DPhill_mh125_lin-eps-converted-to.pdf Graphic file
 (type pdf)

<use figures/emme_CutWW0jet_DPhill_mh125_lin-eps-converted-to.pdf>
Package pdftex.def Info: figures/emme_CutWW0jet_DPhill_mh125_lin-eps-converted-
to.pdf used on input line 78.
(pdftex.def)             Requested size: 227.62204pt x 218.38713pt.
Package epstopdf Info: Source file: <figures/emme_CutWW0jet_MET_mh125_log.eps>
(epstopdf)                    date: 2015-03-30 08:54:31
(epstopdf)                    size: 52457 bytes
(epstopdf)             Output file: <figures/emme_CutWW0jet_MET_mh125_log-eps-c
onverted-to.pdf>
(epstopdf)                    date: 2015-03-30 08:54:31
(epstopdf)                    size: 26287 bytes
(epstopdf)             Command: <repstopdf --outfile=figures/emme_CutWW0jet_MET
_mh125_log-eps-converted-to.pdf figures/emme_CutWW0jet_MET_mh125_log.eps>
(epstopdf)             \includegraphics on input line 79.
Package epstopdf Info: Output file is already uptodate.

<figures/emme_CutWW0jet_MET_mh125_log-eps-converted-to.pdf, id=471, 569.12625pt
 x 546.04pt>
File: figures/emme_CutWW0jet_MET_mh125_log-eps-converted-to.pdf Graphic file (t
ype pdf)
 <use figures/emme_CutWW0jet_MET_mh125_log-eps-converted-to.pdf>
Package pdftex.def Info: figures/emme_CutWW0jet_MET_mh125_log-eps-converted-to.
pdf used on input line 79.
(pdftex.def)             Requested size: 227.62204pt x 218.38713pt.
Package epstopdf Info: Source file: <figures/emme_CutWW0jet_lepPtLead_mh125_log
.eps>
(epstopdf)                    date: 2015-03-30 08:54:31
(epstopdf)                    size: 49871 bytes
(epstopdf)             Output file: <figures/emme_CutWW0jet_lepPtLead_mh125_log
-eps-converted-to.pdf>
(epstopdf)                    date: 2015-03-30 08:54:31
(epstopdf)                    size: 24061 bytes
(epstopdf)             Command: <repstopdf --outfile=figures/emme_CutWW0jet_lep
PtLead_mh125_log-eps-converted-to.pdf figures/emme_CutWW0jet_lepPtLead_mh125_lo
g.eps>
(epstopdf)             \includegraphics on input line 80.
Package epstopdf Info: Output file is already uptodate.

<figures/emme_CutWW0jet_lepPtLead_mh125_log-eps-converted-to.pdf, id=472, 569.1
2625pt x 546.04pt>
File: figures/emme_CutWW0jet_lepPtLead_mh125_log-eps-converted-to.pdf Graphic f
ile (type pdf)

<use figures/emme_CutWW0jet_lepPtLead_mh125_log-eps-converted-to.pdf>
Package pdftex.def Info: figures/emme_CutWW0jet_lepPtLead_mh125_log-eps-convert
ed-to.pdf used on input line 80.
(pdftex.def)             Requested size: 227.62204pt x 218.38713pt.
Package epstopdf Info: Source file: <figures/emme_CutWW0jet_lepPtSubLead_mh125_
log.eps>
(epstopdf)                    date: 2015-03-30 08:54:31
(epstopdf)                    size: 39289 bytes
(epstopdf)             Output file: <figures/emme_CutWW0jet_lepPtSubLead_mh125_
log-eps-converted-to.pdf>
(epstopdf)                    date: 2015-03-30 08:54:31
(epstopdf)                    size: 20865 bytes
(epstopdf)             Command: <repstopdf --outfile=figures/emme_CutWW0jet_lep
PtSubLead_mh125_log-eps-converted-to.pdf figures/emme_CutWW0jet_lepPtSubLead_mh
125_log.eps>
(epstopdf)             \includegraphics on input line 81.
Package epstopdf Info: Output file is already uptodate.

<figures/emme_CutWW0jet_lepPtSubLead_mh125_log-eps-converted-to.pdf, id=473, 56
9.12625pt x 546.04pt>
File: figures/emme_CutWW0jet_lepPtSubLead_mh125_log-eps-converted-to.pdf Graphi
c file (type pdf)

<use figures/emme_CutWW0jet_lepPtSubLead_mh125_log-eps-converted-to.pdf>
Package pdftex.def Info: figures/emme_CutWW0jet_lepPtSubLead_mh125_log-eps-conv
erted-to.pdf used on input line 81.
(pdftex.def)             Requested size: 227.62204pt x 218.38713pt.

Overfull \hbox (14.73749pt too wide) in paragraph at lines 75--83
 [][] 
 []


LaTeX Warning: Float too large for page by 28.15262pt on input line 85.


LaTeX Warning: `!h' float specifier changed to `!ht'.

Package epstopdf Info: Source file: <figures/emme_CutWW0jet_trkdz0_asymm_mh125_
log.eps>
(epstopdf)                    date: 2015-03-30 08:54:31
(epstopdf)                    size: 34538 bytes
(epstopdf)             Output file: <figures/emme_CutWW0jet_trkdz0_asymm_mh125_
log-eps-converted-to.pdf>
(epstopdf)                    date: 2015-03-30 08:54:31
(epstopdf)                    size: 17391 bytes
(epstopdf)             Command: <repstopdf --outfile=figures/emme_CutWW0jet_trk
dz0_asymm_mh125_log-eps-converted-to.pdf figures/emme_CutWW0jet_trkdz0_asymm_mh
125_log.eps>
(epstopdf)             \includegraphics on input line 89.
Package epstopdf Info: Output file is already uptodate.

<figures/emme_CutWW0jet_trkdz0_asymm_mh125_log-eps-converted-to.pdf, id=474, 56
9.12625pt x 546.04pt>
File: figures/emme_CutWW0jet_trkdz0_asymm_mh125_log-eps-converted-to.pdf Graphi
c file (type pdf)

<use figures/emme_CutWW0jet_trkdz0_asymm_mh125_log-eps-converted-to.pdf>
Package pdftex.def Info: figures/emme_CutWW0jet_trkdz0_asymm_mh125_log-eps-conv
erted-to.pdf used on input line 89.
(pdftex.def)             Requested size: 227.62204pt x 218.38713pt.


LaTeX Warning: `!h' float specifier changed to `!ht'.

) (./Systematics.tex [18] [19 <./figures/emme_CutWW0jet_Ptll_mh125_lin-eps-conv
erted-to.pdf> <./figures/emme_CutWW0jetNoMll_Mll_high_mh125_lin-eps-converted-t
o.pdf> <./figures/emme_CutWW0jet_DPhill_mh125_lin-eps-converted-to.pdf> <./figu
res/emme_CutWW0jet_MET_mh125_log-eps-converted-to.pdf> <./figures/emme_CutWW0je
t_lepPtLead_mh125_log-eps-converted-to.pdf> <./figures/emme_CutWW0jet_lepPtSubL
ead_mh125_log-eps-converted-to.pdf>] [20 <./figures/emme_CutWW0jet_trkdz0_asymm
_mh125_log-eps-converted-to.pdf>]) (./Results.tex [21

]
Package epstopdf Info: Source file: <figures/emme_Excl_1mm_MT_mh125_lin.eps>
(epstopdf)                    date: 2015-03-29 22:22:54
(epstopdf)                    size: 22587 bytes
(epstopdf)             Output file: <figures/emme_Excl_1mm_MT_mh125_lin-eps-con
verted-to.pdf>
(epstopdf)                    date: 2015-03-30 09:49:45
(epstopdf)                    size: 14970 bytes
(epstopdf)             Command: <repstopdf --outfile=figures/emme_Excl_1mm_MT_m
h125_lin-eps-converted-to.pdf figures/emme_Excl_1mm_MT_mh125_lin.eps>
(epstopdf)             \includegraphics on input line 29.
Package epstopdf Info: Output file is already uptodate.

<figures/emme_Excl_1mm_MT_mh125_lin-eps-converted-to.pdf, id=587, 569.12625pt x
 408.52625pt>
File: figures/emme_Excl_1mm_MT_mh125_lin-eps-converted-to.pdf Graphic file (typ
e pdf)
 <use figures/emme_Excl_1mm_MT_mh125_lin-eps-converted-to.pdf>
Package pdftex.def Info: figures/emme_Excl_1mm_MT_mh125_lin-eps-converted-to.pd
f used on input line 29.
(pdftex.def)             Requested size: 455.24408pt x 326.79651pt.


LaTeX Warning: `!h' float specifier changed to `!ht'.

) (./Summary.tex [22

 <./figures/emme_Excl_1mm_MT_mh125_lin-eps-converted-to.pdf>] [23]) [24

] (./notex.bbl) [25

] (./notex.aux)

LaTeX Warning: There were undefined references.

 ) 
Here is how much of TeX's memory you used:
 13395 strings out of 494181
 271303 string characters out of 6156676
 272215 words of memory out of 5000000
 16334 multiletter control sequences out of 15000+600000
 59829 words of font info for 143 fonts, out of 8000000 for 9000
 470 hyphenation exceptions out of 8191
 38i,12n,30p,698b,547s stack positions out of 5000i,500n,10000p,200000b,80000s
{/opt/local/share/texmf-texlive/fonts/enc/dvips/base/8r.enc}</opt/local/share
/texmf-texlive/fonts/type1/public/amsfonts/cm/cmmi10.pfb></opt/local/share/texm
f-texlive/fonts/type1/public/amsfonts/cm/cmmi7.pfb></opt/local/share/texmf-texl
ive/fonts/type1/public/amsfonts/cm/cmr10.pfb></opt/local/share/texmf-texlive/fo
nts/type1/public/amsfonts/cm/cmr7.pfb></opt/local/share/texmf-texlive/fonts/typ
e1/public/amsfonts/cm/cmsy10.pfb></opt/local/share/texmf-texlive/fonts/type1/pu
blic/txfonts/rtxb.pfb></opt/local/share/texmf-texlive/fonts/type1/public/txfont
s/rtxi.pfb></opt/local/share/texmf-texlive/fonts/type1/public/txfonts/rtxmi.pfb
></opt/local/share/texmf-texlive/fonts/type1/public/txfonts/rtxr.pfb></opt/loca
l/share/texmf-texlive/fonts/type1/public/txfonts/txex.pfb></opt/local/share/tex
mf-texlive/fonts/type1/public/txfonts/txsy.pfb></opt/local/share/texmf-texlive/
fonts/type1/public/txfonts/txtt.pfb></opt/local/share/texmf-texlive/fonts/type1
/urw/helvetic/uhvb8a.pfb></opt/local/share/texmf-texlive/fonts/type1/urw/helvet
ic/uhvr8a.pfb></opt/local/share/texmf-texlive/fonts/type1/urw/times/utmb8a.pfb>
</opt/local/share/texmf-texlive/fonts/type1/urw/times/utmr8a.pfb></opt/local/sh
are/texmf-texlive/fonts/type1/urw/times/utmr8a.pfb></opt/local/share/texmf-texl
ive/fonts/type1/urw/times/utmri8a.pfb>
Output written on notex.pdf (26 pages, 944621 bytes).
PDF statistics:
 666 PDF objects out of 1000 (max. 8388607)
 460 compressed objects within 5 object streams
 0 named destinations out of 1000 (max. 500000)
 181 words of extra memory for PDF output out of 10000 (max. 10000000)

